{"/Users/Astonkhor/Galvanize-HR/Robinhood-Graph/client/components/App.jsx": {"path":"/Users/Astonkhor/Galvanize-HR/Robinhood-Graph/client/components/App.jsx","statementMap":{"0":{"start":{"line":12,"column":2},"end":{"line":12,"column":15}},"1":{"start":{"line":13,"column":2},"end":{"line":27,"column":4}},"2":{"start":{"line":28,"column":2},"end":{"line":28,"column":51}},"3":{"start":{"line":29,"column":2},"end":{"line":29,"column":47}},"4":{"start":{"line":30,"column":2},"end":{"line":30,"column":21}},"5":{"start":{"line":34,"column":2},"end":{"line":37,"column":5}},"6":{"start":{"line":35,"column":3},"end":{"line":35,"column":27}},"7":{"start":{"line":36,"column":3},"end":{"line":36,"column":97}},"8":{"start":{"line":41,"column":2},"end":{"line":44,"column":4}},"9":{"start":{"line":43,"column":13},"end":{"line":43,"column":106}},"10":{"start":{"line":48,"column":2},"end":{"line":50,"column":57}},"11":{"start":{"line":49,"column":22},"end":{"line":49,"column":37}},"12":{"start":{"line":50,"column":20},"end":{"line":50,"column":53}},"13":{"start":{"line":54,"column":19},"end":{"line":54,"column":52}},"14":{"start":{"line":55,"column":2},"end":{"line":60,"column":5}},"15":{"start":{"line":64,"column":2},"end":{"line":64,"column":39}},"16":{"start":{"line":68,"column":2},"end":{"line":73,"column":4}}},"fnMap":{"0":{"name":"(anonymous_0)","decl":{"start":{"line":11,"column":1},"end":{"line":11,"column":2}},"loc":{"start":{"line":11,"column":20},"end":{"line":31,"column":2}},"line":11},"1":{"name":"(anonymous_1)","decl":{"start":{"line":33,"column":1},"end":{"line":33,"column":2}},"loc":{"start":{"line":33,"column":21},"end":{"line":38,"column":2}},"line":33},"2":{"name":"(anonymous_2)","decl":{"start":{"line":34,"column":22},"end":{"line":34,"column":23}},"loc":{"start":{"line":34,"column":28},"end":{"line":37,"column":3}},"line":34},"3":{"name":"(anonymous_3)","decl":{"start":{"line":40,"column":1},"end":{"line":40,"column":2}},"loc":{"start":{"line":40,"column":20},"end":{"line":45,"column":2}},"line":40},"4":{"name":"(anonymous_4)","decl":{"start":{"line":43,"column":6},"end":{"line":43,"column":7}},"loc":{"start":{"line":43,"column":12},"end":{"line":43,"column":107}},"line":43},"5":{"name":"(anonymous_5)","decl":{"start":{"line":47,"column":1},"end":{"line":47,"column":2}},"loc":{"start":{"line":47,"column":26},"end":{"line":51,"column":2}},"line":47},"6":{"name":"(anonymous_6)","decl":{"start":{"line":49,"column":8},"end":{"line":49,"column":9}},"loc":{"start":{"line":49,"column":22},"end":{"line":49,"column":37}},"line":49},"7":{"name":"(anonymous_7)","decl":{"start":{"line":50,"column":8},"end":{"line":50,"column":9}},"loc":{"start":{"line":50,"column":18},"end":{"line":50,"column":55}},"line":50},"8":{"name":"(anonymous_8)","decl":{"start":{"line":53,"column":1},"end":{"line":53,"column":2}},"loc":{"start":{"line":53,"column":20},"end":{"line":61,"column":2}},"line":53},"9":{"name":"(anonymous_9)","decl":{"start":{"line":63,"column":1},"end":{"line":63,"column":2}},"loc":{"start":{"line":63,"column":21},"end":{"line":65,"column":2}},"line":63},"10":{"name":"(anonymous_10)","decl":{"start":{"line":67,"column":1},"end":{"line":67,"column":2}},"loc":{"start":{"line":67,"column":10},"end":{"line":74,"column":2}},"line":67}},"branchMap":{},"s":{"0":6,"1":6,"2":6,"3":6,"4":6,"5":6,"6":6,"7":0,"8":1,"9":1,"10":6,"11":6,"12":6,"13":6,"14":6,"15":0,"16":7},"f":{"0":6,"1":6,"2":6,"3":1,"4":1,"5":6,"6":6,"7":6,"8":6,"9":0,"10":7},"b":{},"_coverageSchema":"43e27e138ebf9cfc5966b082cf9a028302ed4184","hash":"3e8c77c5a3841491846256ecc03dd7ec1866f43c"}
,"/Users/Astonkhor/Galvanize-HR/Robinhood-Graph/client/components/ChartTab.jsx": {"path":"/Users/Astonkhor/Galvanize-HR/Robinhood-Graph/client/components/ChartTab.jsx","statementMap":{"0":{"start":{"line":4,"column":15},"end":{"line":15,"column":1}},"1":{"start":{"line":5,"column":1},"end":{"line":14,"column":2}},"2":{"start":{"line":7,"column":33},"end":{"line":7,"column":55}},"3":{"start":{"line":8,"column":33},"end":{"line":8,"column":55}},"4":{"start":{"line":9,"column":33},"end":{"line":9,"column":55}},"5":{"start":{"line":10,"column":33},"end":{"line":10,"column":55}},"6":{"start":{"line":11,"column":33},"end":{"line":11,"column":55}},"7":{"start":{"line":12,"column":33},"end":{"line":12,"column":55}}},"fnMap":{"0":{"name":"(anonymous_0)","decl":{"start":{"line":4,"column":15},"end":{"line":4,"column":16}},"loc":{"start":{"line":4,"column":26},"end":{"line":15,"column":1}},"line":4},"1":{"name":"(anonymous_1)","decl":{"start":{"line":7,"column":27},"end":{"line":7,"column":28}},"loc":{"start":{"line":7,"column":32},"end":{"line":7,"column":56}},"line":7},"2":{"name":"(anonymous_2)","decl":{"start":{"line":8,"column":27},"end":{"line":8,"column":28}},"loc":{"start":{"line":8,"column":32},"end":{"line":8,"column":56}},"line":8},"3":{"name":"(anonymous_3)","decl":{"start":{"line":9,"column":27},"end":{"line":9,"column":28}},"loc":{"start":{"line":9,"column":32},"end":{"line":9,"column":56}},"line":9},"4":{"name":"(anonymous_4)","decl":{"start":{"line":10,"column":27},"end":{"line":10,"column":28}},"loc":{"start":{"line":10,"column":32},"end":{"line":10,"column":56}},"line":10},"5":{"name":"(anonymous_5)","decl":{"start":{"line":11,"column":27},"end":{"line":11,"column":28}},"loc":{"start":{"line":11,"column":32},"end":{"line":11,"column":56}},"line":11},"6":{"name":"(anonymous_6)","decl":{"start":{"line":12,"column":27},"end":{"line":12,"column":28}},"loc":{"start":{"line":12,"column":32},"end":{"line":12,"column":56}},"line":12}},"branchMap":{},"s":{"0":1,"1":5,"2":1,"3":1,"4":1,"5":1,"6":1,"7":1},"f":{"0":5,"1":1,"2":1,"3":1,"4":1,"5":1,"6":1},"b":{},"_coverageSchema":"43e27e138ebf9cfc5966b082cf9a028302ed4184","hash":"74338fa36554491625a1bd227b38d0ca17b2e53f"}
,"/Users/Astonkhor/Galvanize-HR/Robinhood-Graph/client/components/Expand.jsx": {"path":"/Users/Astonkhor/Galvanize-HR/Robinhood-Graph/client/components/Expand.jsx","statementMap":{"0":{"start":{"line":4,"column":13},"end":{"line":11,"column":1}},"1":{"start":{"line":5,"column":1},"end":{"line":10,"column":2}}},"fnMap":{"0":{"name":"(anonymous_0)","decl":{"start":{"line":4,"column":13},"end":{"line":4,"column":14}},"loc":{"start":{"line":4,"column":24},"end":{"line":11,"column":1}},"line":4}},"branchMap":{},"s":{"0":1,"1":0},"f":{"0":0},"b":{},"_coverageSchema":"43e27e138ebf9cfc5966b082cf9a028302ed4184","hash":"2a8ea4938fcd4d71147688158d941ccfb73f9ed8"}
,"/Users/Astonkhor/Galvanize-HR/Robinhood-Graph/client/components/Graph.jsx": {"path":"/Users/Astonkhor/Galvanize-HR/Robinhood-Graph/client/components/Graph.jsx","statementMap":{"0":{"start":{"line":6,"column":14},"end":{"line":16,"column":1}},"1":{"start":{"line":7,"column":1},"end":{"line":15,"column":3}}},"fnMap":{"0":{"name":"(anonymous_0)","decl":{"start":{"line":6,"column":14},"end":{"line":6,"column":15}},"loc":{"start":{"line":6,"column":25},"end":{"line":16,"column":1}},"line":6}},"branchMap":{},"s":{"0":1,"1":4},"f":{"0":4},"b":{},"_coverageSchema":"43e27e138ebf9cfc5966b082cf9a028302ed4184","hash":"ef3f4d8ede629f97217c925cbd7e87af87483fb7"}
,"/Users/Astonkhor/Galvanize-HR/Robinhood-Graph/client/components/Header.jsx": {"path":"/Users/Astonkhor/Galvanize-HR/Robinhood-Graph/client/components/Header.jsx","statementMap":{"0":{"start":{"line":4,"column":15},"end":{"line":26,"column":1}},"1":{"start":{"line":5,"column":25},"end":{"line":5,"column":72}},"2":{"start":{"line":6,"column":16},"end":{"line":6,"column":86}},"3":{"start":{"line":7,"column":22},"end":{"line":7,"column":47}},"4":{"start":{"line":8,"column":23},"end":{"line":8,"column":81}},"5":{"start":{"line":9,"column":1},"end":{"line":25,"column":3}}},"fnMap":{"0":{"name":"(anonymous_0)","decl":{"start":{"line":4,"column":15},"end":{"line":4,"column":16}},"loc":{"start":{"line":4,"column":26},"end":{"line":26,"column":1}},"line":4}},"branchMap":{"0":{"loc":{"start":{"line":7,"column":22},"end":{"line":7,"column":47}},"type":"cond-expr","locations":[{"start":{"line":7,"column":38},"end":{"line":7,"column":41}},{"start":{"line":7,"column":44},"end":{"line":7,"column":47}}],"line":7}},"s":{"0":1,"1":8,"2":8,"3":8,"4":8,"5":8},"f":{"0":8},"b":{"0":[8,0]},"_coverageSchema":"43e27e138ebf9cfc5966b082cf9a028302ed4184","hash":"8d328c68592b3f01b73c16b8eaf738fa7b096cb7"}
,"/Users/Astonkhor/Galvanize-HR/Robinhood-Graph/client/methods/buildChart.js": {"path":"/Users/Astonkhor/Galvanize-HR/Robinhood-Graph/client/methods/buildChart.js","statementMap":{"0":{"start":{"line":4,"column":22},"end":{"line":4,"column":80}},"1":{"start":{"line":5,"column":16},"end":{"line":5,"column":52}},"2":{"start":{"line":7,"column":19},"end":{"line":155,"column":1}},"3":{"start":{"line":8,"column":2},"end":{"line":8,"column":31}},"4":{"start":{"line":9,"column":13},"end":{"line":9,"column":15}},"5":{"start":{"line":10,"column":13},"end":{"line":10,"column":23}},"6":{"start":{"line":11,"column":21},"end":{"line":11,"column":57}},"7":{"start":{"line":12,"column":2},"end":{"line":15,"column":3}},"8":{"start":{"line":12,"column":15},"end":{"line":12,"column":32}},"9":{"start":{"line":13,"column":4},"end":{"line":13,"column":47}},"10":{"start":{"line":14,"column":4},"end":{"line":14,"column":25}},"11":{"start":{"line":16,"column":17},"end":{"line":16,"column":61}},"12":{"start":{"line":17,"column":16},"end":{"line":17,"column":19}},"13":{"start":{"line":18,"column":17},"end":{"line":18,"column":20}},"14":{"start":{"line":20,"column":14},"end":{"line":26,"column":73}},"15":{"start":{"line":29,"column":15},"end":{"line":31,"column":4}},"16":{"start":{"line":30,"column":4},"end":{"line":30,"column":21}},"17":{"start":{"line":32,"column":15},"end":{"line":34,"column":4}},"18":{"start":{"line":33,"column":4},"end":{"line":33,"column":21}},"19":{"start":{"line":35,"column":15},"end":{"line":37,"column":4}},"20":{"start":{"line":36,"column":4},"end":{"line":36,"column":22}},"21":{"start":{"line":38,"column":15},"end":{"line":40,"column":4}},"22":{"start":{"line":39,"column":4},"end":{"line":39,"column":22}},"23":{"start":{"line":42,"column":17},"end":{"line":45,"column":22}},"24":{"start":{"line":46,"column":17},"end":{"line":49,"column":23}},"25":{"start":{"line":51,"column":15},"end":{"line":58,"column":6}},"26":{"start":{"line":54,"column":6},"end":{"line":54,"column":31}},"27":{"start":{"line":57,"column":6},"end":{"line":57,"column":32}},"28":{"start":{"line":60,"column":2},"end":{"line":67,"column":21}},"29":{"start":{"line":71,"column":21},"end":{"line":78,"column":3}},"30":{"start":{"line":72,"column":4},"end":{"line":76,"column":5}},"31":{"start":{"line":72,"column":17},"end":{"line":72,"column":18}},"32":{"start":{"line":73,"column":6},"end":{"line":75,"column":7}},"33":{"start":{"line":74,"column":8},"end":{"line":74,"column":17}},"34":{"start":{"line":77,"column":4},"end":{"line":77,"column":13}},"35":{"start":{"line":80,"column":23},"end":{"line":112,"column":3}},"36":{"start":{"line":81,"column":4},"end":{"line":81,"column":41}},"37":{"start":{"line":83,"column":23},"end":{"line":92,"column":5}},"38":{"start":{"line":84,"column":6},"end":{"line":91,"column":7}},"39":{"start":{"line":85,"column":19},"end":{"line":85,"column":31}},"40":{"start":{"line":85,"column":32},"end":{"line":85,"column":79}},"41":{"start":{"line":86,"column":19},"end":{"line":86,"column":31}},"42":{"start":{"line":86,"column":32},"end":{"line":86,"column":86}},"43":{"start":{"line":87,"column":19},"end":{"line":87,"column":31}},"44":{"start":{"line":87,"column":32},"end":{"line":87,"column":86}},"45":{"start":{"line":88,"column":19},"end":{"line":88,"column":31}},"46":{"start":{"line":88,"column":32},"end":{"line":88,"column":86}},"47":{"start":{"line":89,"column":19},"end":{"line":89,"column":31}},"48":{"start":{"line":89,"column":32},"end":{"line":89,"column":84}},"49":{"start":{"line":90,"column":19},"end":{"line":90,"column":31}},"50":{"start":{"line":90,"column":32},"end":{"line":90,"column":84}},"51":{"start":{"line":94,"column":23},"end":{"line":102,"column":8}},"52":{"start":{"line":101,"column":8},"end":{"line":101,"column":41}},"53":{"start":{"line":103,"column":4},"end":{"line":111,"column":94}},"54":{"start":{"line":106,"column":8},"end":{"line":108,"column":9}},"55":{"start":{"line":107,"column":10},"end":{"line":107,"column":44}},"56":{"start":{"line":116,"column":30},"end":{"line":116,"column":62}},"57":{"start":{"line":118,"column":14},"end":{"line":118,"column":59}},"58":{"start":{"line":119,"column":4},"end":{"line":119,"column":32}},"59":{"start":{"line":120,"column":15},"end":{"line":120,"column":22}},"60":{"start":{"line":121,"column":25},"end":{"line":121,"column":27}},"61":{"start":{"line":123,"column":4},"end":{"line":123,"column":112}},"62":{"start":{"line":125,"column":4},"end":{"line":130,"column":58}},"63":{"start":{"line":131,"column":4},"end":{"line":131,"column":31}},"64":{"start":{"line":133,"column":16},"end":{"line":137,"column":29}},"65":{"start":{"line":138,"column":2},"end":{"line":138,"column":40}},"66":{"start":{"line":139,"column":2},"end":{"line":139,"column":42}},"67":{"start":{"line":140,"column":2},"end":{"line":140,"column":42}},"68":{"start":{"line":141,"column":2},"end":{"line":148,"column":39}},"69":{"start":{"line":146,"column":28},"end":{"line":146,"column":56}},"70":{"start":{"line":147,"column":28},"end":{"line":147,"column":68}},"71":{"start":{"line":147,"column":69},"end":{"line":147,"column":106}},"72":{"start":{"line":147,"column":107},"end":{"line":147,"column":137}},"73":{"start":{"line":149,"column":2},"end":{"line":149,"column":46}},"74":{"start":{"line":150,"column":2},"end":{"line":150,"column":55}},"75":{"start":{"line":151,"column":2},"end":{"line":151,"column":52}},"76":{"start":{"line":152,"column":2},"end":{"line":152,"column":57}},"77":{"start":{"line":153,"column":2},"end":{"line":153,"column":61}}},"fnMap":{"0":{"name":"(anonymous_0)","decl":{"start":{"line":7,"column":19},"end":{"line":7,"column":20}},"loc":{"start":{"line":7,"column":51},"end":{"line":155,"column":1}},"line":7},"1":{"name":"(anonymous_1)","decl":{"start":{"line":29,"column":28},"end":{"line":29,"column":29}},"loc":{"start":{"line":29,"column":33},"end":{"line":31,"column":3}},"line":29},"2":{"name":"(anonymous_2)","decl":{"start":{"line":32,"column":28},"end":{"line":32,"column":29}},"loc":{"start":{"line":32,"column":33},"end":{"line":34,"column":3}},"line":32},"3":{"name":"(anonymous_3)","decl":{"start":{"line":35,"column":28},"end":{"line":35,"column":29}},"loc":{"start":{"line":35,"column":33},"end":{"line":37,"column":3}},"line":35},"4":{"name":"(anonymous_4)","decl":{"start":{"line":38,"column":28},"end":{"line":38,"column":29}},"loc":{"start":{"line":38,"column":33},"end":{"line":40,"column":3}},"line":38},"5":{"name":"(anonymous_5)","decl":{"start":{"line":53,"column":7},"end":{"line":53,"column":8}},"loc":{"start":{"line":53,"column":12},"end":{"line":55,"column":5}},"line":53},"6":{"name":"(anonymous_6)","decl":{"start":{"line":56,"column":7},"end":{"line":56,"column":8}},"loc":{"start":{"line":56,"column":12},"end":{"line":58,"column":5}},"line":56},"7":{"name":"(anonymous_7)","decl":{"start":{"line":71,"column":21},"end":{"line":71,"column":22}},"loc":{"start":{"line":71,"column":40},"end":{"line":78,"column":3}},"line":71},"8":{"name":"(anonymous_8)","decl":{"start":{"line":80,"column":23},"end":{"line":80,"column":24}},"loc":{"start":{"line":80,"column":40},"end":{"line":112,"column":3}},"line":80},"9":{"name":"(anonymous_9)","decl":{"start":{"line":83,"column":23},"end":{"line":83,"column":24}},"loc":{"start":{"line":83,"column":33},"end":{"line":92,"column":5}},"line":83},"10":{"name":"(anonymous_10)","decl":{"start":{"line":100,"column":25},"end":{"line":100,"column":26}},"loc":{"start":{"line":100,"column":35},"end":{"line":102,"column":7}},"line":100},"11":{"name":"(anonymous_11)","decl":{"start":{"line":105,"column":12},"end":{"line":105,"column":13}},"loc":{"start":{"line":105,"column":17},"end":{"line":109,"column":7}},"line":105},"12":{"name":"generateCrosshair","decl":{"start":{"line":114,"column":11},"end":{"line":114,"column":28}},"loc":{"start":{"line":114,"column":31},"end":{"line":132,"column":3}},"line":114},"13":{"name":"(anonymous_13)","decl":{"start":{"line":146,"column":21},"end":{"line":146,"column":22}},"loc":{"start":{"line":146,"column":28},"end":{"line":146,"column":56}},"line":146},"14":{"name":"(anonymous_14)","decl":{"start":{"line":147,"column":20},"end":{"line":147,"column":21}},"loc":{"start":{"line":147,"column":26},"end":{"line":147,"column":139}},"line":147}},"branchMap":{"0":{"loc":{"start":{"line":73,"column":6},"end":{"line":75,"column":7}},"type":"if","locations":[{"start":{"line":73,"column":6},"end":{"line":75,"column":7}},{"start":{"line":73,"column":6},"end":{"line":75,"column":7}}],"line":73},"1":{"loc":{"start":{"line":84,"column":6},"end":{"line":91,"column":7}},"type":"switch","locations":[{"start":{"line":85,"column":8},"end":{"line":85,"column":79}},{"start":{"line":86,"column":8},"end":{"line":86,"column":86}},{"start":{"line":87,"column":8},"end":{"line":87,"column":86}},{"start":{"line":88,"column":8},"end":{"line":88,"column":86}},{"start":{"line":89,"column":8},"end":{"line":89,"column":84}},{"start":{"line":90,"column":8},"end":{"line":90,"column":84}}],"line":84},"2":{"loc":{"start":{"line":106,"column":8},"end":{"line":108,"column":9}},"type":"if","locations":[{"start":{"line":106,"column":8},"end":{"line":108,"column":9}},{"start":{"line":106,"column":8},"end":{"line":108,"column":9}}],"line":106}},"s":{"0":1,"1":1,"2":1,"3":1,"4":1,"5":1,"6":1,"7":1,"8":1,"9":0,"10":0,"11":1,"12":1,"13":1,"14":1,"15":1,"16":0,"17":1,"18":0,"19":1,"20":0,"21":1,"22":0,"23":1,"24":1,"25":1,"26":0,"27":0,"28":1,"29":1,"30":0,"31":0,"32":0,"33":0,"34":0,"35":1,"36":0,"37":0,"38":0,"39":0,"40":0,"41":0,"42":0,"43":0,"44":0,"45":0,"46":0,"47":0,"48":0,"49":0,"50":0,"51":0,"52":0,"53":0,"54":0,"55":0,"56":0,"57":0,"58":0,"59":0,"60":0,"61":0,"62":0,"63":0,"64":1,"65":1,"66":1,"67":1,"68":1,"69":0,"70":0,"71":0,"72":0,"73":1,"74":1,"75":1,"76":1,"77":1},"f":{"0":1,"1":0,"2":0,"3":0,"4":0,"5":0,"6":0,"7":0,"8":0,"9":0,"10":0,"11":0,"12":0,"13":0,"14":0},"b":{"0":[0,0],"1":[0,0,0,0,0,0],"2":[0,0]},"_coverageSchema":"43e27e138ebf9cfc5966b082cf9a028302ed4184","hash":"46c0f8b34ac5a4f57162808258e9ca47a24d3b5c"}
,"/Users/Astonkhor/Galvanize-HR/Robinhood-Graph/client/styled-components/App.js": {"path":"/Users/Astonkhor/Galvanize-HR/Robinhood-Graph/client/styled-components/App.js","statementMap":{"0":{"start":{"line":4,"column":12},"end":{"line":11,"column":1}}},"fnMap":{},"branchMap":{},"s":{"0":1},"f":{},"b":{},"_coverageSchema":"43e27e138ebf9cfc5966b082cf9a028302ed4184","hash":"73bfb729391b71260712ff5772aa84bf04ed426d"}
,"/Users/Astonkhor/Galvanize-HR/Robinhood-Graph/client/styled-components/ChartTab.js": {"path":"/Users/Astonkhor/Galvanize-HR/Robinhood-Graph/client/styled-components/ChartTab.js","statementMap":{"0":{"start":{"line":3,"column":12},"end":{"line":11,"column":1}},"1":{"start":{"line":12,"column":17},"end":{"line":14,"column":1}},"2":{"start":{"line":16,"column":14},"end":{"line":18,"column":1}},"3":{"start":{"line":17,"column":20},"end":{"line":17,"column":61}},"4":{"start":{"line":19,"column":14},"end":{"line":21,"column":1}},"5":{"start":{"line":20,"column":20},"end":{"line":20,"column":61}},"6":{"start":{"line":22,"column":14},"end":{"line":24,"column":1}},"7":{"start":{"line":23,"column":20},"end":{"line":23,"column":61}},"8":{"start":{"line":25,"column":14},"end":{"line":27,"column":1}},"9":{"start":{"line":26,"column":20},"end":{"line":26,"column":61}},"10":{"start":{"line":28,"column":14},"end":{"line":30,"column":1}},"11":{"start":{"line":29,"column":20},"end":{"line":29,"column":61}},"12":{"start":{"line":31,"column":14},"end":{"line":33,"column":1}},"13":{"start":{"line":32,"column":20},"end":{"line":32,"column":61}}},"fnMap":{"0":{"name":"(anonymous_0)","decl":{"start":{"line":17,"column":11},"end":{"line":17,"column":12}},"loc":{"start":{"line":17,"column":20},"end":{"line":17,"column":61}},"line":17},"1":{"name":"(anonymous_1)","decl":{"start":{"line":20,"column":11},"end":{"line":20,"column":12}},"loc":{"start":{"line":20,"column":20},"end":{"line":20,"column":61}},"line":20},"2":{"name":"(anonymous_2)","decl":{"start":{"line":23,"column":11},"end":{"line":23,"column":12}},"loc":{"start":{"line":23,"column":20},"end":{"line":23,"column":61}},"line":23},"3":{"name":"(anonymous_3)","decl":{"start":{"line":26,"column":11},"end":{"line":26,"column":12}},"loc":{"start":{"line":26,"column":20},"end":{"line":26,"column":61}},"line":26},"4":{"name":"(anonymous_4)","decl":{"start":{"line":29,"column":11},"end":{"line":29,"column":12}},"loc":{"start":{"line":29,"column":20},"end":{"line":29,"column":61}},"line":29},"5":{"name":"(anonymous_5)","decl":{"start":{"line":32,"column":11},"end":{"line":32,"column":12}},"loc":{"start":{"line":32,"column":20},"end":{"line":32,"column":61}},"line":32}},"branchMap":{"0":{"loc":{"start":{"line":17,"column":20},"end":{"line":17,"column":61}},"type":"cond-expr","locations":[{"start":{"line":17,"column":42},"end":{"line":17,"column":51}},{"start":{"line":17,"column":54},"end":{"line":17,"column":61}}],"line":17},"1":{"loc":{"start":{"line":20,"column":20},"end":{"line":20,"column":61}},"type":"cond-expr","locations":[{"start":{"line":20,"column":42},"end":{"line":20,"column":51}},{"start":{"line":20,"column":54},"end":{"line":20,"column":61}}],"line":20},"2":{"loc":{"start":{"line":23,"column":20},"end":{"line":23,"column":61}},"type":"cond-expr","locations":[{"start":{"line":23,"column":42},"end":{"line":23,"column":51}},{"start":{"line":23,"column":54},"end":{"line":23,"column":61}}],"line":23},"3":{"loc":{"start":{"line":26,"column":20},"end":{"line":26,"column":61}},"type":"cond-expr","locations":[{"start":{"line":26,"column":42},"end":{"line":26,"column":51}},{"start":{"line":26,"column":54},"end":{"line":26,"column":61}}],"line":26},"4":{"loc":{"start":{"line":29,"column":20},"end":{"line":29,"column":61}},"type":"cond-expr","locations":[{"start":{"line":29,"column":42},"end":{"line":29,"column":51}},{"start":{"line":29,"column":54},"end":{"line":29,"column":61}}],"line":29},"5":{"loc":{"start":{"line":32,"column":20},"end":{"line":32,"column":61}},"type":"cond-expr","locations":[{"start":{"line":32,"column":42},"end":{"line":32,"column":51}},{"start":{"line":32,"column":54},"end":{"line":32,"column":61}}],"line":32}},"s":{"0":1,"1":1,"2":1,"3":1,"4":1,"5":1,"6":1,"7":1,"8":1,"9":1,"10":1,"11":1,"12":1,"13":1},"f":{"0":1,"1":1,"2":1,"3":1,"4":1,"5":1},"b":{"0":[0,1],"1":[0,1],"2":[0,1],"3":[0,1],"4":[0,1],"5":[0,1]},"_coverageSchema":"43e27e138ebf9cfc5966b082cf9a028302ed4184","hash":"d25a7496c3e1833d602136194d24ca813cd593df"}
,"/Users/Astonkhor/Galvanize-HR/Robinhood-Graph/client/styled-components/Expand.js": {"path":"/Users/Astonkhor/Galvanize-HR/Robinhood-Graph/client/styled-components/Expand.js","statementMap":{"0":{"start":{"line":3,"column":14},"end":{"line":9,"column":1}},"1":{"start":{"line":11,"column":15},"end":{"line":13,"column":1}}},"fnMap":{},"branchMap":{},"s":{"0":1,"1":1},"f":{},"b":{},"_coverageSchema":"43e27e138ebf9cfc5966b082cf9a028302ed4184","hash":"1886581e0907ab810d079b3f193ef356c1bc485a"}
,"/Users/Astonkhor/Galvanize-HR/Robinhood-Graph/client/styled-components/Wrapper.js": {"path":"/Users/Astonkhor/Galvanize-HR/Robinhood-Graph/client/styled-components/Wrapper.js","statementMap":{"0":{"start":{"line":7,"column":14},"end":{"line":7,"column":16}},"1":{"start":{"line":8,"column":0},"end":{"line":8,"column":18}},"2":{"start":{"line":9,"column":0},"end":{"line":9,"column":28}},"3":{"start":{"line":10,"column":0},"end":{"line":10,"column":22}},"4":{"start":{"line":11,"column":0},"end":{"line":11,"column":22}},"5":{"start":{"line":12,"column":0},"end":{"line":12,"column":22}},"6":{"start":{"line":13,"column":0},"end":{"line":13,"column":22}},"7":{"start":{"line":14,"column":0},"end":{"line":14,"column":22}},"8":{"start":{"line":15,"column":0},"end":{"line":15,"column":22}},"9":{"start":{"line":17,"column":0},"end":{"line":17,"column":22}},"10":{"start":{"line":18,"column":0},"end":{"line":18,"column":24}},"11":{"start":{"line":20,"column":0},"end":{"line":20,"column":22}},"12":{"start":{"line":21,"column":0},"end":{"line":21,"column":22}},"13":{"start":{"line":22,"column":0},"end":{"line":22,"column":52}},"14":{"start":{"line":24,"column":0},"end":{"line":24,"column":24}},"15":{"start":{"line":25,"column":0},"end":{"line":25,"column":26}},"16":{"start":{"line":26,"column":0},"end":{"line":26,"column":34}},"17":{"start":{"line":27,"column":0},"end":{"line":27,"column":42}},"18":{"start":{"line":28,"column":0},"end":{"line":28,"column":48}},"19":{"start":{"line":29,"column":0},"end":{"line":29,"column":44}},"20":{"start":{"line":30,"column":0},"end":{"line":30,"column":24}},"21":{"start":{"line":31,"column":0},"end":{"line":31,"column":28}}},"fnMap":{},"branchMap":{},"s":{"0":1,"1":1,"2":1,"3":1,"4":1,"5":1,"6":1,"7":1,"8":1,"9":1,"10":1,"11":1,"12":1,"13":1,"14":1,"15":1,"16":1,"17":1,"18":1,"19":1,"20":1,"21":1},"f":{},"b":{},"_coverageSchema":"43e27e138ebf9cfc5966b082cf9a028302ed4184","hash":"8e1dae90ef9de50ae50acfb6c3683feffd92f845"}
,"/Users/Astonkhor/Galvanize-HR/Robinhood-Graph/client/styled-components/graph.js": {"path":"/Users/Astonkhor/Galvanize-HR/Robinhood-Graph/client/styled-components/graph.js","statementMap":{"0":{"start":{"line":3,"column":14},"end":{"line":5,"column":1}},"1":{"start":{"line":7,"column":14},"end":{"line":9,"column":1}},"2":{"start":{"line":10,"column":29},"end":{"line":16,"column":1}}},"fnMap":{},"branchMap":{},"s":{"0":1,"1":1,"2":1},"f":{},"b":{},"_coverageSchema":"43e27e138ebf9cfc5966b082cf9a028302ed4184","hash":"0e078400d846e1b632b84c8cfbaa6136761f0432"}
,"/Users/Astonkhor/Galvanize-HR/Robinhood-Graph/client/styled-components/header.js": {"path":"/Users/Astonkhor/Galvanize-HR/Robinhood-Graph/client/styled-components/header.js","statementMap":{"0":{"start":{"line":3,"column":21},"end":{"line":10,"column":1}},"1":{"start":{"line":12,"column":15},"end":{"line":17,"column":1}},"2":{"start":{"line":18,"column":16},"end":{"line":20,"column":1}},"3":{"start":{"line":21,"column":20},"end":{"line":34,"column":1}},"4":{"start":{"line":35,"column":24},"end":{"line":48,"column":1}},"5":{"start":{"line":49,"column":27},"end":{"line":53,"column":1}},"6":{"start":{"line":54,"column":25},"end":{"line":56,"column":1}},"7":{"start":{"line":57,"column":15},"end":{"line":58,"column":1}},"8":{"start":{"line":57,"column":50},"end":{"line":57,"column":66}},"9":{"start":{"line":59,"column":17},"end":{"line":61,"column":1}}},"fnMap":{"0":{"name":"(anonymous_0)","decl":{"start":{"line":57,"column":32},"end":{"line":57,"column":33}},"loc":{"start":{"line":57,"column":50},"end":{"line":57,"column":66}},"line":57}},"branchMap":{},"s":{"0":1,"1":1,"2":1,"3":1,"4":1,"5":1,"6":1,"7":1,"8":0,"9":1},"f":{"0":0},"b":{},"_coverageSchema":"43e27e138ebf9cfc5966b082cf9a028302ed4184","hash":"db5c38a0eda5afb5d2a65774001b828f066810ff"}
}
