{"/Users/Astonkhor/Galvanize-HR/Robinhood-Graph/client/components/App.jsx": {"path":"/Users/Astonkhor/Galvanize-HR/Robinhood-Graph/client/components/App.jsx","statementMap":{"0":{"start":{"line":11,"column":2},"end":{"line":11,"column":15}},"1":{"start":{"line":12,"column":2},"end":{"line":26,"column":4}},"2":{"start":{"line":27,"column":2},"end":{"line":27,"column":51}},"3":{"start":{"line":28,"column":2},"end":{"line":28,"column":47}},"4":{"start":{"line":29,"column":2},"end":{"line":29,"column":21}},"5":{"start":{"line":33,"column":2},"end":{"line":36,"column":5}},"6":{"start":{"line":34,"column":3},"end":{"line":34,"column":27}},"7":{"start":{"line":35,"column":3},"end":{"line":35,"column":97}},"8":{"start":{"line":40,"column":2},"end":{"line":42,"column":108}},"9":{"start":{"line":42,"column":12},"end":{"line":42,"column":105}},"10":{"start":{"line":46,"column":2},"end":{"line":48,"column":57}},"11":{"start":{"line":47,"column":22},"end":{"line":47,"column":37}},"12":{"start":{"line":48,"column":20},"end":{"line":48,"column":53}},"13":{"start":{"line":52,"column":19},"end":{"line":52,"column":52}},"14":{"start":{"line":53,"column":2},"end":{"line":58,"column":5}},"15":{"start":{"line":62,"column":2},"end":{"line":62,"column":39}},"16":{"start":{"line":66,"column":2},"end":{"line":71,"column":4}}},"fnMap":{"0":{"name":"(anonymous_0)","decl":{"start":{"line":10,"column":1},"end":{"line":10,"column":2}},"loc":{"start":{"line":10,"column":20},"end":{"line":30,"column":2}},"line":10},"1":{"name":"(anonymous_1)","decl":{"start":{"line":32,"column":1},"end":{"line":32,"column":2}},"loc":{"start":{"line":32,"column":21},"end":{"line":37,"column":2}},"line":32},"2":{"name":"(anonymous_2)","decl":{"start":{"line":33,"column":22},"end":{"line":33,"column":23}},"loc":{"start":{"line":33,"column":28},"end":{"line":36,"column":3}},"line":33},"3":{"name":"(anonymous_3)","decl":{"start":{"line":39,"column":1},"end":{"line":39,"column":2}},"loc":{"start":{"line":39,"column":20},"end":{"line":43,"column":2}},"line":39},"4":{"name":"(anonymous_4)","decl":{"start":{"line":42,"column":5},"end":{"line":42,"column":6}},"loc":{"start":{"line":42,"column":11},"end":{"line":42,"column":106}},"line":42},"5":{"name":"(anonymous_5)","decl":{"start":{"line":45,"column":1},"end":{"line":45,"column":2}},"loc":{"start":{"line":45,"column":26},"end":{"line":49,"column":2}},"line":45},"6":{"name":"(anonymous_6)","decl":{"start":{"line":47,"column":8},"end":{"line":47,"column":9}},"loc":{"start":{"line":47,"column":22},"end":{"line":47,"column":37}},"line":47},"7":{"name":"(anonymous_7)","decl":{"start":{"line":48,"column":8},"end":{"line":48,"column":9}},"loc":{"start":{"line":48,"column":18},"end":{"line":48,"column":55}},"line":48},"8":{"name":"(anonymous_8)","decl":{"start":{"line":51,"column":1},"end":{"line":51,"column":2}},"loc":{"start":{"line":51,"column":20},"end":{"line":59,"column":2}},"line":51},"9":{"name":"(anonymous_9)","decl":{"start":{"line":61,"column":1},"end":{"line":61,"column":2}},"loc":{"start":{"line":61,"column":21},"end":{"line":63,"column":2}},"line":61},"10":{"name":"(anonymous_10)","decl":{"start":{"line":65,"column":1},"end":{"line":65,"column":2}},"loc":{"start":{"line":65,"column":10},"end":{"line":72,"column":2}},"line":65}},"branchMap":{},"s":{"0":6,"1":6,"2":6,"3":6,"4":6,"5":6,"6":6,"7":0,"8":1,"9":1,"10":6,"11":6,"12":6,"13":6,"14":6,"15":0,"16":7},"f":{"0":6,"1":6,"2":6,"3":1,"4":1,"5":6,"6":6,"7":6,"8":6,"9":0,"10":7},"b":{},"_coverageSchema":"43e27e138ebf9cfc5966b082cf9a028302ed4184","hash":"7ff09986f55d6c977be4e172acf82ef7ed5be1fe"}
,"/Users/Astonkhor/Galvanize-HR/Robinhood-Graph/client/components/ChartTab.jsx": {"path":"/Users/Astonkhor/Galvanize-HR/Robinhood-Graph/client/components/ChartTab.jsx","statementMap":{"0":{"start":{"line":4,"column":15},"end":{"line":15,"column":1}},"1":{"start":{"line":5,"column":1},"end":{"line":14,"column":2}},"2":{"start":{"line":7,"column":33},"end":{"line":7,"column":55}},"3":{"start":{"line":8,"column":33},"end":{"line":8,"column":55}},"4":{"start":{"line":9,"column":33},"end":{"line":9,"column":55}},"5":{"start":{"line":10,"column":33},"end":{"line":10,"column":55}},"6":{"start":{"line":11,"column":33},"end":{"line":11,"column":55}},"7":{"start":{"line":12,"column":33},"end":{"line":12,"column":55}}},"fnMap":{"0":{"name":"(anonymous_0)","decl":{"start":{"line":4,"column":15},"end":{"line":4,"column":16}},"loc":{"start":{"line":4,"column":26},"end":{"line":15,"column":1}},"line":4},"1":{"name":"(anonymous_1)","decl":{"start":{"line":7,"column":27},"end":{"line":7,"column":28}},"loc":{"start":{"line":7,"column":32},"end":{"line":7,"column":56}},"line":7},"2":{"name":"(anonymous_2)","decl":{"start":{"line":8,"column":27},"end":{"line":8,"column":28}},"loc":{"start":{"line":8,"column":32},"end":{"line":8,"column":56}},"line":8},"3":{"name":"(anonymous_3)","decl":{"start":{"line":9,"column":27},"end":{"line":9,"column":28}},"loc":{"start":{"line":9,"column":32},"end":{"line":9,"column":56}},"line":9},"4":{"name":"(anonymous_4)","decl":{"start":{"line":10,"column":27},"end":{"line":10,"column":28}},"loc":{"start":{"line":10,"column":32},"end":{"line":10,"column":56}},"line":10},"5":{"name":"(anonymous_5)","decl":{"start":{"line":11,"column":27},"end":{"line":11,"column":28}},"loc":{"start":{"line":11,"column":32},"end":{"line":11,"column":56}},"line":11},"6":{"name":"(anonymous_6)","decl":{"start":{"line":12,"column":27},"end":{"line":12,"column":28}},"loc":{"start":{"line":12,"column":32},"end":{"line":12,"column":56}},"line":12}},"branchMap":{},"s":{"0":1,"1":5,"2":1,"3":1,"4":1,"5":1,"6":1,"7":1},"f":{"0":5,"1":1,"2":1,"3":1,"4":1,"5":1,"6":1},"b":{},"_coverageSchema":"43e27e138ebf9cfc5966b082cf9a028302ed4184","hash":"74338fa36554491625a1bd227b38d0ca17b2e53f"}
,"/Users/Astonkhor/Galvanize-HR/Robinhood-Graph/client/components/Expand.jsx": {"path":"/Users/Astonkhor/Galvanize-HR/Robinhood-Graph/client/components/Expand.jsx","statementMap":{"0":{"start":{"line":4,"column":13},"end":{"line":11,"column":1}},"1":{"start":{"line":5,"column":1},"end":{"line":10,"column":2}}},"fnMap":{"0":{"name":"(anonymous_0)","decl":{"start":{"line":4,"column":13},"end":{"line":4,"column":14}},"loc":{"start":{"line":4,"column":24},"end":{"line":11,"column":1}},"line":4}},"branchMap":{},"s":{"0":1,"1":0},"f":{"0":0},"b":{},"_coverageSchema":"43e27e138ebf9cfc5966b082cf9a028302ed4184","hash":"2a8ea4938fcd4d71147688158d941ccfb73f9ed8"}
,"/Users/Astonkhor/Galvanize-HR/Robinhood-Graph/client/components/Graph.jsx": {"path":"/Users/Astonkhor/Galvanize-HR/Robinhood-Graph/client/components/Graph.jsx","statementMap":{"0":{"start":{"line":6,"column":14},"end":{"line":14,"column":1}},"1":{"start":{"line":7,"column":1},"end":{"line":13,"column":3}}},"fnMap":{"0":{"name":"(anonymous_0)","decl":{"start":{"line":6,"column":14},"end":{"line":6,"column":15}},"loc":{"start":{"line":6,"column":25},"end":{"line":14,"column":1}},"line":6}},"branchMap":{},"s":{"0":1,"1":8},"f":{"0":8},"b":{},"_coverageSchema":"43e27e138ebf9cfc5966b082cf9a028302ed4184","hash":"0bd3149bf946738cd8b7cf71bf93cca62139da7f"}
,"/Users/Astonkhor/Galvanize-HR/Robinhood-Graph/client/components/Header.jsx": {"path":"/Users/Astonkhor/Galvanize-HR/Robinhood-Graph/client/components/Header.jsx","statementMap":{"0":{"start":{"line":3,"column":15},"end":{"line":19,"column":1}},"1":{"start":{"line":4,"column":25},"end":{"line":4,"column":72}},"2":{"start":{"line":5,"column":16},"end":{"line":5,"column":86}},"3":{"start":{"line":6,"column":22},"end":{"line":6,"column":47}},"4":{"start":{"line":7,"column":23},"end":{"line":7,"column":81}},"5":{"start":{"line":8,"column":1},"end":{"line":18,"column":3}}},"fnMap":{"0":{"name":"(anonymous_0)","decl":{"start":{"line":3,"column":15},"end":{"line":3,"column":16}},"loc":{"start":{"line":3,"column":26},"end":{"line":19,"column":1}},"line":3}},"branchMap":{"0":{"loc":{"start":{"line":6,"column":22},"end":{"line":6,"column":47}},"type":"cond-expr","locations":[{"start":{"line":6,"column":38},"end":{"line":6,"column":41}},{"start":{"line":6,"column":44},"end":{"line":6,"column":47}}],"line":6}},"s":{"0":1,"1":0,"2":0,"3":0,"4":0,"5":0},"f":{"0":0},"b":{"0":[0,0]},"_coverageSchema":"43e27e138ebf9cfc5966b082cf9a028302ed4184","hash":"5ec65e2eb45cce02eb6c4f47e14ffc378ca580a7"}
,"/Users/Astonkhor/Galvanize-HR/Robinhood-Graph/client/methods/buildChart.js": {"path":"/Users/Astonkhor/Galvanize-HR/Robinhood-Graph/client/methods/buildChart.js","statementMap":{"0":{"start":{"line":3,"column":22},"end":{"line":3,"column":80}},"1":{"start":{"line":4,"column":16},"end":{"line":4,"column":52}},"2":{"start":{"line":6,"column":19},"end":{"line":143,"column":1}},"3":{"start":{"line":7,"column":2},"end":{"line":7,"column":31}},"4":{"start":{"line":8,"column":13},"end":{"line":8,"column":15}},"5":{"start":{"line":9,"column":13},"end":{"line":9,"column":23}},"6":{"start":{"line":10,"column":21},"end":{"line":10,"column":57}},"7":{"start":{"line":11,"column":2},"end":{"line":14,"column":3}},"8":{"start":{"line":11,"column":15},"end":{"line":11,"column":32}},"9":{"start":{"line":12,"column":4},"end":{"line":12,"column":47}},"10":{"start":{"line":13,"column":4},"end":{"line":13,"column":25}},"11":{"start":{"line":15,"column":17},"end":{"line":15,"column":61}},"12":{"start":{"line":16,"column":16},"end":{"line":16,"column":19}},"13":{"start":{"line":17,"column":17},"end":{"line":17,"column":20}},"14":{"start":{"line":19,"column":14},"end":{"line":25,"column":73}},"15":{"start":{"line":28,"column":15},"end":{"line":30,"column":4}},"16":{"start":{"line":29,"column":4},"end":{"line":29,"column":21}},"17":{"start":{"line":31,"column":15},"end":{"line":33,"column":4}},"18":{"start":{"line":32,"column":4},"end":{"line":32,"column":21}},"19":{"start":{"line":34,"column":15},"end":{"line":36,"column":4}},"20":{"start":{"line":35,"column":4},"end":{"line":35,"column":22}},"21":{"start":{"line":37,"column":15},"end":{"line":39,"column":4}},"22":{"start":{"line":38,"column":4},"end":{"line":38,"column":22}},"23":{"start":{"line":41,"column":17},"end":{"line":44,"column":22}},"24":{"start":{"line":45,"column":17},"end":{"line":48,"column":23}},"25":{"start":{"line":50,"column":15},"end":{"line":57,"column":6}},"26":{"start":{"line":53,"column":6},"end":{"line":53,"column":31}},"27":{"start":{"line":56,"column":6},"end":{"line":56,"column":32}},"28":{"start":{"line":59,"column":2},"end":{"line":66,"column":21}},"29":{"start":{"line":70,"column":21},"end":{"line":77,"column":3}},"30":{"start":{"line":71,"column":4},"end":{"line":75,"column":5}},"31":{"start":{"line":71,"column":17},"end":{"line":71,"column":18}},"32":{"start":{"line":72,"column":6},"end":{"line":74,"column":7}},"33":{"start":{"line":73,"column":8},"end":{"line":73,"column":17}},"34":{"start":{"line":76,"column":4},"end":{"line":76,"column":13}},"35":{"start":{"line":79,"column":23},"end":{"line":99,"column":3}},"36":{"start":{"line":80,"column":4},"end":{"line":80,"column":41}},"37":{"start":{"line":81,"column":23},"end":{"line":89,"column":8}},"38":{"start":{"line":88,"column":8},"end":{"line":88,"column":41}},"39":{"start":{"line":90,"column":4},"end":{"line":98,"column":44}},"40":{"start":{"line":93,"column":8},"end":{"line":95,"column":9}},"41":{"start":{"line":94,"column":10},"end":{"line":94,"column":43}},"42":{"start":{"line":103,"column":30},"end":{"line":103,"column":62}},"43":{"start":{"line":105,"column":14},"end":{"line":105,"column":59}},"44":{"start":{"line":106,"column":4},"end":{"line":106,"column":32}},"45":{"start":{"line":107,"column":15},"end":{"line":107,"column":22}},"46":{"start":{"line":108,"column":25},"end":{"line":108,"column":27}},"47":{"start":{"line":110,"column":4},"end":{"line":110,"column":112}},"48":{"start":{"line":112,"column":4},"end":{"line":117,"column":58}},"49":{"start":{"line":118,"column":4},"end":{"line":118,"column":24}},"50":{"start":{"line":119,"column":4},"end":{"line":119,"column":31}},"51":{"start":{"line":121,"column":16},"end":{"line":125,"column":29}},"52":{"start":{"line":126,"column":2},"end":{"line":126,"column":40}},"53":{"start":{"line":127,"column":2},"end":{"line":127,"column":42}},"54":{"start":{"line":128,"column":2},"end":{"line":128,"column":42}},"55":{"start":{"line":129,"column":2},"end":{"line":136,"column":39}},"56":{"start":{"line":134,"column":28},"end":{"line":134,"column":56}},"57":{"start":{"line":135,"column":28},"end":{"line":135,"column":68}},"58":{"start":{"line":135,"column":69},"end":{"line":135,"column":99}},"59":{"start":{"line":137,"column":2},"end":{"line":137,"column":46}},"60":{"start":{"line":138,"column":2},"end":{"line":138,"column":55}},"61":{"start":{"line":139,"column":2},"end":{"line":139,"column":52}},"62":{"start":{"line":140,"column":2},"end":{"line":140,"column":57}},"63":{"start":{"line":141,"column":2},"end":{"line":141,"column":61}}},"fnMap":{"0":{"name":"(anonymous_0)","decl":{"start":{"line":6,"column":19},"end":{"line":6,"column":20}},"loc":{"start":{"line":6,"column":51},"end":{"line":143,"column":1}},"line":6},"1":{"name":"(anonymous_1)","decl":{"start":{"line":28,"column":28},"end":{"line":28,"column":29}},"loc":{"start":{"line":28,"column":33},"end":{"line":30,"column":3}},"line":28},"2":{"name":"(anonymous_2)","decl":{"start":{"line":31,"column":28},"end":{"line":31,"column":29}},"loc":{"start":{"line":31,"column":33},"end":{"line":33,"column":3}},"line":31},"3":{"name":"(anonymous_3)","decl":{"start":{"line":34,"column":28},"end":{"line":34,"column":29}},"loc":{"start":{"line":34,"column":33},"end":{"line":36,"column":3}},"line":34},"4":{"name":"(anonymous_4)","decl":{"start":{"line":37,"column":28},"end":{"line":37,"column":29}},"loc":{"start":{"line":37,"column":33},"end":{"line":39,"column":3}},"line":37},"5":{"name":"(anonymous_5)","decl":{"start":{"line":52,"column":7},"end":{"line":52,"column":8}},"loc":{"start":{"line":52,"column":12},"end":{"line":54,"column":5}},"line":52},"6":{"name":"(anonymous_6)","decl":{"start":{"line":55,"column":7},"end":{"line":55,"column":8}},"loc":{"start":{"line":55,"column":12},"end":{"line":57,"column":5}},"line":55},"7":{"name":"(anonymous_7)","decl":{"start":{"line":70,"column":21},"end":{"line":70,"column":22}},"loc":{"start":{"line":70,"column":40},"end":{"line":77,"column":3}},"line":70},"8":{"name":"(anonymous_8)","decl":{"start":{"line":79,"column":23},"end":{"line":79,"column":24}},"loc":{"start":{"line":79,"column":40},"end":{"line":99,"column":3}},"line":79},"9":{"name":"(anonymous_9)","decl":{"start":{"line":87,"column":25},"end":{"line":87,"column":26}},"loc":{"start":{"line":87,"column":35},"end":{"line":89,"column":7}},"line":87},"10":{"name":"(anonymous_10)","decl":{"start":{"line":92,"column":12},"end":{"line":92,"column":13}},"loc":{"start":{"line":92,"column":17},"end":{"line":96,"column":7}},"line":92},"11":{"name":"generateCrosshair","decl":{"start":{"line":101,"column":11},"end":{"line":101,"column":28}},"loc":{"start":{"line":101,"column":31},"end":{"line":120,"column":3}},"line":101},"12":{"name":"(anonymous_12)","decl":{"start":{"line":134,"column":21},"end":{"line":134,"column":22}},"loc":{"start":{"line":134,"column":28},"end":{"line":134,"column":56}},"line":134},"13":{"name":"(anonymous_13)","decl":{"start":{"line":135,"column":20},"end":{"line":135,"column":21}},"loc":{"start":{"line":135,"column":26},"end":{"line":135,"column":101}},"line":135}},"branchMap":{"0":{"loc":{"start":{"line":72,"column":6},"end":{"line":74,"column":7}},"type":"if","locations":[{"start":{"line":72,"column":6},"end":{"line":74,"column":7}},{"start":{"line":72,"column":6},"end":{"line":74,"column":7}}],"line":72},"1":{"loc":{"start":{"line":93,"column":8},"end":{"line":95,"column":9}},"type":"if","locations":[{"start":{"line":93,"column":8},"end":{"line":95,"column":9}},{"start":{"line":93,"column":8},"end":{"line":95,"column":9}}],"line":93}},"s":{"0":1,"1":1,"2":1,"3":1,"4":1,"5":1,"6":1,"7":1,"8":1,"9":0,"10":0,"11":1,"12":1,"13":1,"14":1,"15":1,"16":0,"17":1,"18":0,"19":1,"20":0,"21":1,"22":0,"23":1,"24":1,"25":1,"26":0,"27":0,"28":1,"29":1,"30":0,"31":0,"32":0,"33":0,"34":0,"35":1,"36":0,"37":0,"38":0,"39":0,"40":0,"41":0,"42":0,"43":0,"44":0,"45":0,"46":0,"47":0,"48":0,"49":0,"50":0,"51":1,"52":1,"53":1,"54":1,"55":1,"56":0,"57":0,"58":0,"59":1,"60":1,"61":1,"62":1,"63":1},"f":{"0":1,"1":0,"2":0,"3":0,"4":0,"5":0,"6":0,"7":0,"8":0,"9":0,"10":0,"11":0,"12":0,"13":0},"b":{"0":[0,0],"1":[0,0]},"_coverageSchema":"43e27e138ebf9cfc5966b082cf9a028302ed4184","hash":"d2c29ae8d13dbba0849229c9f556a39cad1dd817"}
,"/Users/Astonkhor/Galvanize-HR/Robinhood-Graph/client/styled-components/Wrapper.js": {"path":"/Users/Astonkhor/Galvanize-HR/Robinhood-Graph/client/styled-components/Wrapper.js","statementMap":{"0":{"start":{"line":5,"column":14},"end":{"line":5,"column":16}},"1":{"start":{"line":6,"column":0},"end":{"line":6,"column":22}},"2":{"start":{"line":7,"column":0},"end":{"line":7,"column":22}},"3":{"start":{"line":8,"column":0},"end":{"line":8,"column":22}},"4":{"start":{"line":9,"column":0},"end":{"line":9,"column":22}},"5":{"start":{"line":10,"column":0},"end":{"line":10,"column":22}},"6":{"start":{"line":11,"column":0},"end":{"line":11,"column":22}},"7":{"start":{"line":13,"column":0},"end":{"line":13,"column":22}},"8":{"start":{"line":14,"column":0},"end":{"line":14,"column":24}},"9":{"start":{"line":16,"column":0},"end":{"line":16,"column":22}},"10":{"start":{"line":17,"column":0},"end":{"line":17,"column":22}}},"fnMap":{},"branchMap":{},"s":{"0":1,"1":1,"2":1,"3":1,"4":1,"5":1,"6":1,"7":1,"8":1,"9":1,"10":1},"f":{},"b":{},"_coverageSchema":"43e27e138ebf9cfc5966b082cf9a028302ed4184","hash":"04478e59d9b7ab76dba15842f04785e7deca7254"}
,"/Users/Astonkhor/Galvanize-HR/Robinhood-Graph/client/styled-components/chartTab.js": {"path":"/Users/Astonkhor/Galvanize-HR/Robinhood-Graph/client/styled-components/chartTab.js","statementMap":{"0":{"start":{"line":3,"column":17},"end":{"line":6,"column":1}},"1":{"start":{"line":8,"column":14},"end":{"line":10,"column":1}},"2":{"start":{"line":9,"column":20},"end":{"line":9,"column":61}},"3":{"start":{"line":11,"column":14},"end":{"line":13,"column":1}},"4":{"start":{"line":12,"column":20},"end":{"line":12,"column":61}},"5":{"start":{"line":14,"column":14},"end":{"line":16,"column":1}},"6":{"start":{"line":15,"column":20},"end":{"line":15,"column":61}},"7":{"start":{"line":17,"column":14},"end":{"line":19,"column":1}},"8":{"start":{"line":18,"column":20},"end":{"line":18,"column":61}},"9":{"start":{"line":20,"column":14},"end":{"line":22,"column":1}},"10":{"start":{"line":21,"column":20},"end":{"line":21,"column":61}},"11":{"start":{"line":23,"column":14},"end":{"line":25,"column":1}},"12":{"start":{"line":24,"column":20},"end":{"line":24,"column":61}}},"fnMap":{"0":{"name":"(anonymous_0)","decl":{"start":{"line":9,"column":11},"end":{"line":9,"column":12}},"loc":{"start":{"line":9,"column":20},"end":{"line":9,"column":61}},"line":9},"1":{"name":"(anonymous_1)","decl":{"start":{"line":12,"column":11},"end":{"line":12,"column":12}},"loc":{"start":{"line":12,"column":20},"end":{"line":12,"column":61}},"line":12},"2":{"name":"(anonymous_2)","decl":{"start":{"line":15,"column":11},"end":{"line":15,"column":12}},"loc":{"start":{"line":15,"column":20},"end":{"line":15,"column":61}},"line":15},"3":{"name":"(anonymous_3)","decl":{"start":{"line":18,"column":11},"end":{"line":18,"column":12}},"loc":{"start":{"line":18,"column":20},"end":{"line":18,"column":61}},"line":18},"4":{"name":"(anonymous_4)","decl":{"start":{"line":21,"column":11},"end":{"line":21,"column":12}},"loc":{"start":{"line":21,"column":20},"end":{"line":21,"column":61}},"line":21},"5":{"name":"(anonymous_5)","decl":{"start":{"line":24,"column":11},"end":{"line":24,"column":12}},"loc":{"start":{"line":24,"column":20},"end":{"line":24,"column":61}},"line":24}},"branchMap":{"0":{"loc":{"start":{"line":9,"column":20},"end":{"line":9,"column":61}},"type":"cond-expr","locations":[{"start":{"line":9,"column":42},"end":{"line":9,"column":51}},{"start":{"line":9,"column":54},"end":{"line":9,"column":61}}],"line":9},"1":{"loc":{"start":{"line":12,"column":20},"end":{"line":12,"column":61}},"type":"cond-expr","locations":[{"start":{"line":12,"column":42},"end":{"line":12,"column":51}},{"start":{"line":12,"column":54},"end":{"line":12,"column":61}}],"line":12},"2":{"loc":{"start":{"line":15,"column":20},"end":{"line":15,"column":61}},"type":"cond-expr","locations":[{"start":{"line":15,"column":42},"end":{"line":15,"column":51}},{"start":{"line":15,"column":54},"end":{"line":15,"column":61}}],"line":15},"3":{"loc":{"start":{"line":18,"column":20},"end":{"line":18,"column":61}},"type":"cond-expr","locations":[{"start":{"line":18,"column":42},"end":{"line":18,"column":51}},{"start":{"line":18,"column":54},"end":{"line":18,"column":61}}],"line":18},"4":{"loc":{"start":{"line":21,"column":20},"end":{"line":21,"column":61}},"type":"cond-expr","locations":[{"start":{"line":21,"column":42},"end":{"line":21,"column":51}},{"start":{"line":21,"column":54},"end":{"line":21,"column":61}}],"line":21},"5":{"loc":{"start":{"line":24,"column":20},"end":{"line":24,"column":61}},"type":"cond-expr","locations":[{"start":{"line":24,"column":42},"end":{"line":24,"column":51}},{"start":{"line":24,"column":54},"end":{"line":24,"column":61}}],"line":24}},"s":{"0":1,"1":1,"2":1,"3":1,"4":1,"5":1,"6":1,"7":1,"8":1,"9":1,"10":1,"11":1,"12":1},"f":{"0":1,"1":1,"2":1,"3":1,"4":1,"5":1},"b":{"0":[0,1],"1":[0,1],"2":[0,1],"3":[0,1],"4":[0,1],"5":[0,1]},"_coverageSchema":"43e27e138ebf9cfc5966b082cf9a028302ed4184","hash":"a07d3a68c4e87da03c7f02f5aa2faf01b24e40af"}
,"/Users/Astonkhor/Galvanize-HR/Robinhood-Graph/client/styled-components/expand.js": {"path":"/Users/Astonkhor/Galvanize-HR/Robinhood-Graph/client/styled-components/expand.js","statementMap":{"0":{"start":{"line":3,"column":14},"end":{"line":9,"column":1}},"1":{"start":{"line":11,"column":15},"end":{"line":13,"column":1}}},"fnMap":{},"branchMap":{},"s":{"0":1,"1":1},"f":{},"b":{},"_coverageSchema":"43e27e138ebf9cfc5966b082cf9a028302ed4184","hash":"e459bf25847aa5db7f76cc96f7f6c2f1733a8fad"}
,"/Users/Astonkhor/Galvanize-HR/Robinhood-Graph/client/styled-components/graph.js": {"path":"/Users/Astonkhor/Galvanize-HR/Robinhood-Graph/client/styled-components/graph.js","statementMap":{"0":{"start":{"line":3,"column":14},"end":{"line":5,"column":1}},"1":{"start":{"line":7,"column":14},"end":{"line":9,"column":1}}},"fnMap":{},"branchMap":{},"s":{"0":1,"1":1},"f":{},"b":{},"_coverageSchema":"43e27e138ebf9cfc5966b082cf9a028302ed4184","hash":"38df37cf969129c9d049606f00955695f5797b26"}
}
