TN:
SF:/Users/Astonkhor/Galvanize-HR/Robinhood-Graph/client/components/App.jsx
FN:9,(anonymous_0)
FN:31,(anonymous_1)
FN:32,(anonymous_2)
FN:38,(anonymous_3)
FN:41,(anonymous_4)
FN:44,(anonymous_5)
FN:46,(anonymous_6)
FN:47,(anonymous_7)
FN:50,(anonymous_8)
FN:62,(anonymous_9)
FN:66,(anonymous_10)
FNF:11
FNH:8
FNDA:4,(anonymous_0)
FNDA:4,(anonymous_1)
FNDA:4,(anonymous_2)
FNDA:0,(anonymous_3)
FNDA:0,(anonymous_4)
FNDA:4,(anonymous_5)
FNDA:4,(anonymous_6)
FNDA:4,(anonymous_7)
FNDA:4,(anonymous_8)
FNDA:0,(anonymous_9)
FNDA:4,(anonymous_10)
DA:10,4
DA:11,4
DA:26,4
DA:27,4
DA:28,4
DA:32,4
DA:33,4
DA:34,0
DA:39,0
DA:41,0
DA:45,4
DA:46,4
DA:47,4
DA:51,4
DA:52,4
DA:63,0
DA:67,4
LF:17
LH:13
BRF:0
BRH:0
end_of_record
TN:
SF:/Users/Astonkhor/Galvanize-HR/Robinhood-Graph/client/components/ChartTab.jsx
FN:4,(anonymous_0)
FN:7,(anonymous_1)
FN:8,(anonymous_2)
FN:9,(anonymous_3)
FN:10,(anonymous_4)
FN:11,(anonymous_5)
FN:12,(anonymous_6)
FNF:7
FNH:0
FNDA:0,(anonymous_0)
FNDA:0,(anonymous_1)
FNDA:0,(anonymous_2)
FNDA:0,(anonymous_3)
FNDA:0,(anonymous_4)
FNDA:0,(anonymous_5)
FNDA:0,(anonymous_6)
DA:4,1
DA:5,0
DA:7,0
DA:8,0
DA:9,0
DA:10,0
DA:11,0
DA:12,0
LF:8
LH:1
BRF:0
BRH:0
end_of_record
TN:
SF:/Users/Astonkhor/Galvanize-HR/Robinhood-Graph/client/components/Expand.jsx
FN:4,(anonymous_0)
FNF:1
FNH:0
FNDA:0,(anonymous_0)
DA:4,1
DA:5,0
LF:2
LH:1
BRF:0
BRH:0
end_of_record
TN:
SF:/Users/Astonkhor/Galvanize-HR/Robinhood-Graph/client/components/Graph.jsx
FN:6,(anonymous_0)
FNF:1
FNH:1
FNDA:4,(anonymous_0)
DA:6,1
DA:7,4
LF:2
LH:2
BRF:0
BRH:0
end_of_record
TN:
SF:/Users/Astonkhor/Galvanize-HR/Robinhood-Graph/client/components/Header.jsx
FN:3,(anonymous_0)
FNF:1
FNH:0
FNDA:0,(anonymous_0)
DA:3,1
DA:4,0
DA:5,0
DA:6,0
DA:7,0
DA:8,0
LF:6
LH:1
BRDA:6,0,0,0
BRDA:6,0,1,0
BRF:2
BRH:0
end_of_record
TN:
SF:/Users/Astonkhor/Galvanize-HR/Robinhood-Graph/client/methods/buildChart.js
FN:6,(anonymous_0)
FN:28,(anonymous_1)
FN:31,(anonymous_2)
FN:34,(anonymous_3)
FN:37,(anonymous_4)
FN:52,(anonymous_5)
FN:55,(anonymous_6)
FN:70,(anonymous_7)
FN:79,(anonymous_8)
FN:87,(anonymous_9)
FN:92,(anonymous_10)
FN:101,generateCrosshair
FN:134,(anonymous_12)
FN:135,(anonymous_13)
FNF:14
FNH:0
FNDA:0,(anonymous_0)
FNDA:0,(anonymous_1)
FNDA:0,(anonymous_2)
FNDA:0,(anonymous_3)
FNDA:0,(anonymous_4)
FNDA:0,(anonymous_5)
FNDA:0,(anonymous_6)
FNDA:0,(anonymous_7)
FNDA:0,(anonymous_8)
FNDA:0,(anonymous_9)
FNDA:0,(anonymous_10)
FNDA:0,generateCrosshair
FNDA:0,(anonymous_12)
FNDA:0,(anonymous_13)
DA:3,1
DA:4,1
DA:6,1
DA:7,0
DA:8,0
DA:9,0
DA:10,0
DA:11,0
DA:12,0
DA:13,0
DA:15,0
DA:16,0
DA:17,0
DA:19,0
DA:28,0
DA:29,0
DA:31,0
DA:32,0
DA:34,0
DA:35,0
DA:37,0
DA:38,0
DA:41,0
DA:45,0
DA:50,0
DA:53,0
DA:56,0
DA:59,0
DA:70,0
DA:71,0
DA:72,0
DA:73,0
DA:76,0
DA:79,0
DA:80,0
DA:81,0
DA:88,0
DA:90,0
DA:93,0
DA:94,0
DA:103,0
DA:105,0
DA:106,0
DA:107,0
DA:108,0
DA:110,0
DA:112,0
DA:118,0
DA:119,0
DA:121,0
DA:126,0
DA:127,0
DA:128,0
DA:129,0
DA:134,0
DA:135,0
DA:137,0
DA:138,0
DA:139,0
DA:140,0
DA:141,0
LF:61
LH:3
BRDA:72,0,0,0
BRDA:72,0,1,0
BRDA:93,1,0,0
BRDA:93,1,1,0
BRF:4
BRH:0
end_of_record
TN:
SF:/Users/Astonkhor/Galvanize-HR/Robinhood-Graph/client/styled-components/Wrapper.js
FNF:0
FNH:0
DA:5,1
DA:6,1
DA:7,1
DA:8,1
DA:9,1
DA:10,1
DA:11,1
DA:13,1
DA:14,1
DA:16,1
DA:17,1
LF:11
LH:11
BRF:0
BRH:0
end_of_record
TN:
SF:/Users/Astonkhor/Galvanize-HR/Robinhood-Graph/client/styled-components/chartTab.js
FN:9,(anonymous_0)
FN:12,(anonymous_1)
FN:15,(anonymous_2)
FN:18,(anonymous_3)
FN:21,(anonymous_4)
FN:24,(anonymous_5)
FNF:6
FNH:0
FNDA:0,(anonymous_0)
FNDA:0,(anonymous_1)
FNDA:0,(anonymous_2)
FNDA:0,(anonymous_3)
FNDA:0,(anonymous_4)
FNDA:0,(anonymous_5)
DA:3,1
DA:8,1
DA:9,0
DA:11,1
DA:12,0
DA:14,1
DA:15,0
DA:17,1
DA:18,0
DA:20,1
DA:21,0
DA:23,1
DA:24,0
LF:13
LH:7
BRDA:9,0,0,0
BRDA:9,0,1,0
BRDA:12,1,0,0
BRDA:12,1,1,0
BRDA:15,2,0,0
BRDA:15,2,1,0
BRDA:18,3,0,0
BRDA:18,3,1,0
BRDA:21,4,0,0
BRDA:21,4,1,0
BRDA:24,5,0,0
BRDA:24,5,1,0
BRF:12
BRH:0
end_of_record
TN:
SF:/Users/Astonkhor/Galvanize-HR/Robinhood-Graph/client/styled-components/expand.js
FNF:0
FNH:0
DA:3,1
DA:11,1
LF:2
LH:2
BRF:0
BRH:0
end_of_record
TN:
SF:/Users/Astonkhor/Galvanize-HR/Robinhood-Graph/client/styled-components/graph.js
FNF:0
FNH:0
DA:3,1
DA:7,1
LF:2
LH:2
BRF:0
BRH:0
end_of_record
